# JRE version: OpenJDK Runtime Environment (17.0.7) (build 17.0.7+0-b2043.56-10550314)
# Java VM: OpenJDK 64-Bit Server VM (17.0.7+0-b2043.56-10550314, mixed mode, tiered, compressed oops, compressed class ptrs, g1 gc, windows-amd64)
GC Precious Log:
 CPUs: 12 total, 12 available
 Memory: 10085M
 Large Page Support: Disabled
 NUMA Support: Disabled
 Compressed Oops: Enabled (32-bit)
 Heap Region Size: 1M
 Heap Min Capacity: 8M
 Heap Initial Capacity: 158M
 Heap Max Capacity: 2G
 Pre-touch: Disabled
 Parallel Workers: 10
 Concurrent Workers: 3
 Concurrent Refinement Workers: 10
 Periodic GC: Disabled
Heap:
 garbage-first heap   total 460800K, used 347358K [0x0000000080000000, 0x0000000100000000)
  region size 1024K, 14 young (14336K), 12 survivors (12288K)
 Metaspace       used 135168K, committed 136256K, reserved 1179648K
  class space    used 18522K, committed 19072K, reserved 1048576K
GC Heap History (20 events):
Event: 354.058 GC heap before
{Heap before GC invocations=50 (full 0):
 garbage-first heap   total 230400K, used 188261K [0x0000000080000000, 0x0000000100000000)
  region size 1024K, 53 young (54272K), 1 survivors (1024K)
 Metaspace       used 114495K, committed 115392K, reserved 1179648K
  class space    used 15657K, committed 16128K, reserved 1048576K
}
Event: 354.062 GC heap after
{Heap after GC invocations=51 (full 0):
 garbage-first heap   total 354304K, used 139963K [0x0000000080000000, 0x0000000100000000)
  region size 1024K, 5 young (5120K), 5 survivors (5120K)
 Metaspace       used 114495K, committed 115392K, reserved 1179648K
  class space    used 15657K, committed 16128K, reserved 1048576K
}
Event: 355.915 GC heap before
{Heap before GC invocations=51 (full 0):
 garbage-first heap   total 354304K, used 273083K [0x0000000080000000, 0x0000000100000000)
  region size 1024K, 136 young (139264K), 5 survivors (5120K)
 Metaspace       used 127899K, committed 128768K, reserved 1179648K
  class space    used 17667K, committed 18112K, reserved 1048576K
}
Event: 355.924 GC heap after
{Heap after GC invocations=52 (full 0):
 garbage-first heap   total 354304K, used 148002K [0x0000000080000000, 0x0000000100000000)
  region size 1024K, 13 young (13312K), 13 survivors (13312K)
 Metaspace       used 127899K, committed 128768K, reserved 1179648K
  class space    used 17667K, committed 18112K, reserved 1048576K
}
Event: 356.915 GC heap before
{Heap before GC invocations=52 (full 0):
 garbage-first heap   total 354304K, used 229922K [0x0000000080000000, 0x0000000100000000)
  region size 1024K, 67 young (68608K), 13 survivors (13312K)
 Metaspace       used 132069K, committed 132992K, reserved 1179648K
  class space    used 18328K, committed 18816K, reserved 1048576K
}
Event: 356.924 GC heap after
{Heap after GC invocations=53 (full 0):
 garbage-first heap   total 354304K, used 177860K [0x0000000080000000, 0x0000000100000000)
  region size 1024K, 10 young (10240K), 10 survivors (10240K)
 Metaspace       used 132069K, committed 132992K, reserved 1179648K
  class space    used 18328K, committed 18816K, reserved 1048576K
}
Event: 357.175 GC heap before
{Heap before GC invocations=54 (full 0):
 garbage-first heap   total 460800K, used 448196K [0x0000000080000000, 0x0000000100000000)
  region size 1024K, 11 young (11264K), 10 survivors (10240K)
 Metaspace       used 132071K, committed 132992K, reserved 1179648K
  class space    used 18328K, committed 18816K, reserved 1048576K
}
Event: 357.182 GC heap after
{Heap after GC invocations=55 (full 0):
 garbage-first heap   total 460800K, used 192681K [0x0000000080000000, 0x0000000100000000)
  region size 1024K, 3 young (3072K), 3 survivors (3072K)
 Metaspace       used 132071K, committed 132992K, reserved 1179648K
  class space    used 18328K, committed 18816K, reserved 1048576K
}
Event: 378.481 GC heap before
{Heap before GC invocations=55 (full 0):
 garbage-first heap   total 460800K, used 228521K [0x0000000080000000, 0x0000000100000000)
  region size 1024K, 22 young (22528K), 3 survivors (3072K)
 Metaspace       used 132318K, committed 133312K, reserved 1179648K
  class space    used 18380K, committed 18880K, reserved 1048576K
}
Event: 378.486 GC heap after
{Heap after GC invocations=56 (full 0):
 garbage-first heap   total 460800K, used 146429K [0x0000000080000000, 0x0000000100000000)
  region size 1024K, 3 young (3072K), 3 survivors (3072K)
 Metaspace       used 132318K, committed 133312K, reserved 1179648K
  class space    used 18380K, committed 18880K, reserved 1048576K
}
Event: 517.325 GC heap before
{Heap before GC invocations=56 (full 0):
 garbage-first heap   total 460800K, used 379901K [0x0000000080000000, 0x0000000100000000)
  region size 1024K, 232 young (237568K), 3 survivors (3072K)
 Metaspace       used 133452K, committed 134592K, reserved 1179648K
  class space    used 18469K, committed 19008K, reserved 1048576K
}
Event: 517.335 GC heap after
{Heap after GC invocations=57 (full 0):
 garbage-first heap   total 460800K, used 159561K [0x0000000080000000, 0x0000000100000000)
  region size 1024K, 15 young (15360K), 15 survivors (15360K)
 Metaspace       used 133452K, committed 134592K, reserved 1179648K
  class space    used 18469K, committed 19008K, reserved 1048576K
}
Event: 517.785 GC heap before
{Heap before GC invocations=57 (full 0):
 garbage-first heap   total 460800K, used 234313K [0x0000000080000000, 0x0000000100000000)
  region size 1024K, 90 young (92160K), 15 survivors (15360K)
 Metaspace       used 134106K, committed 135232K, reserved 1179648K
  class space    used 18517K, committed 19072K, reserved 1048576K
}
Event: 517.793 GC heap after
{Heap after GC invocations=58 (full 0):
 garbage-first heap   total 460800K, used 157897K [0x0000000080000000, 0x0000000100000000)
  region size 1024K, 13 young (13312K), 13 survivors (13312K)
 Metaspace       used 134106K, committed 135232K, reserved 1179648K
  class space    used 18517K, committed 19072K, reserved 1048576K
}
Event: 518.056 GC heap before
{Heap before GC invocations=59 (full 0):
 garbage-first heap   total 460800K, used 445641K [0x0000000080000000, 0x0000000100000000)
  region size 1024K, 15 young (15360K), 13 survivors (13312K)
 Metaspace       used 134092K, committed 135232K, reserved 1179648K
  class space    used 18513K, committed 19072K, reserved 1048576K
}
Event: 518.062 GC heap after
{Heap after GC invocations=60 (full 0):
 garbage-first heap   total 460800K, used 201369K [0x0000000080000000, 0x0000000100000000)
  region size 1024K, 13 young (13312K), 13 survivors (13312K)
 Metaspace       used 134092K, committed 135232K, reserved 1179648K
  class space    used 18513K, committed 19072K, reserved 1048576K
}
Event: 742.196 GC heap before
{Heap before GC invocations=60 (full 0):
 garbage-first heap   total 460800K, used 240281K [0x0000000080000000, 0x0000000100000000)
  region size 1024K, 22 young (22528K), 13 survivors (13312K)
 Metaspace       used 134159K, committed 135296K, reserved 1179648K
  class space    used 18514K, committed 19072K, reserved 1048576K
}
Event: 742.255 GC heap after
{Heap after GC invocations=61 (full 0):
 garbage-first heap   total 460800K, used 154481K [0x0000000080000000, 0x0000000100000000)
  region size 1024K, 2 young (2048K), 2 survivors (2048K)
 Metaspace       used 134159K, committed 135296K, reserved 1179648K
  class space    used 18514K, committed 19072K, reserved 1048576K
}
Event: 1357.564 GC heap before
{Heap before GC invocations=61 (full 0):
 garbage-first heap   total 460800K, used 372593K [0x0000000080000000, 0x0000000100000000)
  region size 1024K, 217 young (222208K), 2 survivors (2048K)
 Metaspace       used 135159K, committed 136256K, reserved 1179648K
  class space    used 18522K, committed 19072K, reserved 1048576K
}
Event: 1357.586 GC heap after
{Heap after GC invocations=62 (full 0):
 garbage-first heap   total 460800K, used 164062K [0x0000000080000000, 0x0000000100000000)
  region size 1024K, 12 young (12288K), 12 survivors (12288K)
 Metaspace       used 135159K, committed 136256K, reserved 1179648K
  class space    used 18522K, committed 19072K, reserved 1048576K
}

